manish@raspberrypi5:~/Documents/shivanshi/git/add $ aarch64-linux-gnu-as add.asm -o add.o
manish@raspberrypi5:~/Documents/shivanshi/git/add $ aarch64-linux-gnu-ld add.o -o add
manish@raspberrypi5:~/Documents/shivanshi/git/add $ gdb add
GNU gdb (Debian 13.1-3) 13.1
Copyright (C) 2023 Free Software Foundation, Inc.
License GPLv3+: GNU GPL version 3 or later <http://gnu.org/licenses/gpl.html>
This is free software: you are free to change and redistribute it.
There is NO WARRANTY, to the extent permitted by law.
Type "show copying" and "show warranty" for details.
This GDB was configured as "aarch64-linux-gnu".
Type "show configuration" for configuration details.
For bug reporting instructions, please see:
<https://www.gnu.org/software/gdb/bugs/>.
Find the GDB manual and other documentation resources online at:
    <http://www.gnu.org/software/gdb/documentation/>.

For help, type "help".
Type "apropos word" to search for commands related to "word"...
Reading symbols from add...
(No debugging symbols found in add)
(gdb) b _start
Breakpoint 1 at 0x400080
(gdb) run
Starting program: /home/manish/Documents/shivanshi/git/add/add

Breakpoint 1, 0x0000000000400080 in _start ()
(gdb) disassemble
Dump of assembler code for function _start:
   0x0000000000400078 <+0>:     mov     x0, #0x2a                       // #42
   0x000000000040007c <+4>:     mov     x1, #0x3a                       // #58
=> 0x0000000000400080 <+8>:     add     x2, x0, x1
   0x0000000000400084 <+12>:    mov     x0, #0x0                        // #0
   0x0000000000400088 <+16>:    mov     x8, #0x5d                       // #93
   0x000000000040008c <+20>:    svc     #0x0
End of assembler dump.
(gdb) ni
0x0000000000400084 in _start ()
(gdb) info registers
x0             0x2a                42
x1             0x3a                58
x2             0x64                100
x3             0x0                 0
x4             0x0                 0
x5             0x0                 0
x6             0x0                 0
x7             0x0                 0
x8             0x0                 0
x9             0x0                 0
x10            0x0                 0
x11            0x0                 0
x12            0x0                 0
x13            0x0                 0
x14            0x0                 0
x15            0x0                 0
x16            0x0                 0
x17            0x0                 0
x18            0x0                 0
x19            0x0                 0
x20            0x0                 0
x21            0x0                 0
x22            0x0                 0
x23            0x0                 0
x24            0x0                 0
x25            0x0                 0
x26            0x0                 0
x27            0x0                 0
x28            0x0                 0
x29            0x0                 0
x30            0x0                 0
sp             0x7ffffffff390      0x7ffffffff390
pc             0x400084            0x400084 <_start+12>
cpsr           0x201000            [ EL=0 BTYPE=0 SSBS SS ]
fpsr           0x0                 [ ]
fpcr           0x0                 [ Len=0 Stride=0 RMode=0 ]
tpidr          0x0                 0x0
tpidr2         0x0                 0x0
(gdb)
